
Showing logs for build [32mcb-kubecd-environment-pr-1213-2-fs6xx-1[0m stage [32mfrom-build-pack[0m and container [32mstep-credential-initializer-tpktn[0m
{"level":"warn","ts":1582077466.1162395,"logger":"fallback-logger","caller":"logging/config.go:69","msg":"Fetch GitHub commit ID from kodata failed: \"ref: refs/heads/0.8.0-**-support-backwards-incompats\" is not a valid GitHub commit ID"}
{"level":"info","ts":1582077466.1170757,"logger":"fallback-logger","caller":"creds-init/main.go:40","msg":"Credentials initialized."}

Showing logs for build [32mcb-kubecd-environment-pr-1213-2-fs6xx-1[0m stage [32mfrom-build-pack[0m and container [32mstep-working-dir-initializer-tkffs[0m
{"level":"warn","ts":1582077467.1015334,"logger":"fallback-logger","caller":"logging/config.go:69","msg":"Fetch GitHub commit ID from kodata failed: open /var/run/ko/HEAD: no such file or directory"}
{"level":"info","ts":1582077467.1030927,"logger":"fallback-logger","caller":"bash/main.go:64","msg":"Successfully executed command \"sh -c mkdir -p /workspace/source\"; output "}

Showing logs for build [32mcb-kubecd-environment-pr-1213-2-fs6xx-1[0m stage [32mfrom-build-pack[0m and container [32mstep-place-tools[0m

Showing logs for build [32mcb-kubecd-environment-pr-1213-2-fs6xx-1[0m stage [32mfrom-build-pack[0m and container [32mstep-git-source-cb-kubecd-environment-pr-1213-2-fs6xx-hxqhn[0m
{"level":"warn","ts":1582077494.175015,"logger":"fallback-logger","caller":"logging/config.go:69","msg":"Fetch GitHub commit ID from kodata failed: \"ref: refs/heads/0.8.0-**-support-backwards-incompats\" is not a valid GitHub commit ID"}
{"level":"info","ts":1582077495.8968582,"logger":"fallback-logger","caller":"git/git.go:103","msg":"Successfully cloned https://github.com/cb-kubecd/environment-pr-1213-22-bdd-frontend-staging.git @ master in path /workspace/source"}

Showing logs for build [32mcb-kubecd-environment-pr-1213-2-fs6xx-1[0m stage [32mfrom-build-pack[0m and container [32mstep-git-merge[0m
Using SHAs from PULL_REFS=master:d1f39be9d2434ebc2f6bb0eeaf8f671c24d73816,1:2ca01e7ad93f5c2862953a3a704a1d8c0b39a70a
DEBUG: LC_ALL=C JX_LOG_LEVEL=error git fetch origin --unshallow 2ca01e7ad93f5c2862953a3a704a1d8c0b39a70a: d1f39be9d2434ebc2f6bb0eeaf8f671c24d73816:
DEBUG: ran git fetch --unshallow origin 2ca01e7ad93f5c2862953a3a704a1d8c0b39a70a: d1f39be9d2434ebc2f6bb0eeaf8f671c24d73816: in 
DEBUG: LC_ALL=C JX_LOG_LEVEL=error git branch
DEBUG: LC_ALL=C JX_LOG_LEVEL=error git checkout master
DEBUG: ran git checkout master in 
DEBUG: JX_LOG_LEVEL=error LC_ALL=C git reset --hard d1f39be9d2434ebc2f6bb0eeaf8f671c24d73816
DEBUG: ran git reset --hard d1f39be9d2434ebc2f6bb0eeaf8f671c24d73816 in 
DEBUG: LC_ALL=C JX_LOG_LEVEL=error git clean -fd .
DEBUG: ran clean --force -d . in 
DEBUG: LC_ALL=C JX_LOG_LEVEL=error git merge 2ca01e7ad93f5c2862953a3a704a1d8c0b39a70a
DEBUG: ran git merge 2ca01e7ad93f5c2862953a3a704a1d8c0b39a70a in 
DEBUG: LC_ALL=C JX_LOG_LEVEL=error git log --format=%H%x1f%an%x1f%ae%x1f%cn%x1f%ce%x1f%s%n%b%x1e d1f39be9d2434ebc2f6bb0eeaf8f671c24d73816..HEAD
Merged SHA 2ca01e7ad93f5c2862953a3a704a1d8c0b39a70a with commit message 'chore: Promote bdd-nh-1582076607 to version 0.0.1' into base branch master

Showing logs for build [32mcb-kubecd-environment-pr-1213-2-fs6xx-1[0m stage [32mfrom-build-pack[0m and container [32mstep-build-helm-build[0m
WARNING: No $CHART_REPOSITORY defined so using the default value of: http://jenkins-x-chartmuseum:8080
Adding missing Helm repo: storage.googleapis.com https://storage.googleapis.com/chartmuseum.jenkins-x.io
WARNING: No secrets found on "helm/repos" due: reading the secret "helm/repos" from vault: no secret "helm/repos" not found in vault
Read credentials for https://storage.googleapis.com/chartmuseum.jenkins-x.io from vault helm/repos
Successfully added Helm repository storage.googleapis.com.
Adding missing Helm repo: jenkins-x-chartmuseum http://jenkins-x-chartmuseum:8080
WARNING: No secrets found on "helm/repos" due: reading the secret "helm/repos" from vault: no secret "helm/repos" not found in vault
Read credentials for http://jenkins-x-chartmuseum:8080 from vault helm/repos
Successfully added Helm repository jenkins-x-chartmuseum.
WARNING: No $CHART_REPOSITORY defined so using the default value of: http://jenkins-x-chartmuseum:8080
Adding missing Helm repo: chartmuseum.jenkins-x.io http://chartmuseum.jenkins-x.io
WARNING: No secrets found on "helm/repos" due: reading the secret "helm/repos" from vault: no secret "helm/repos" not found in vault
Read credentials for http://chartmuseum.jenkins-x.io from vault helm/repos
Successfully added Helm repository chartmuseum.jenkins-x.io.
